[2025-06-20T00:03:40.843Z] === STREAMING SESSION STARTED ===
[2025-06-20T00:03:40.846Z] Request started with traceId: streaming-1750377820843-8oqcvcrp3
[2025-06-20T00:03:40.866Z] Agent execution started
[2025-06-20T00:03:40.868Z] Starting real-time streaming for step: potential-symptoms
[2025-06-20T00:03:42.475Z] Buffer content at chunk 200 (717 chars):
[2025-06-20T00:03:43.313Z] Buffer content at chunk 400 (1378 chars):
[2025-06-20T00:03:44.340Z] Buffer content at chunk 600 (2112 chars):
[2025-06-20T00:03:44.451Z] Final buffer content (2121 chars):
[2025-06-20T00:03:44.458Z] === AGENT RESULT ANALYSIS ===
[2025-06-20T00:03:44.459Z] Result keys: state, currentTurn, maxTurns
[2025-06-20T00:03:44.461Z] Has newItems: true
[2025-06-20T00:03:44.462Z] Has finalOutput: true
[2025-06-20T00:03:44.462Z] NewItems count: 1
[2025-06-20T00:03:44.463Z] --- NEW ITEM 0 ---
[2025-06-20T00:03:44.464Z] Type: message_output_item
[2025-06-20T00:03:44.465Z] Role: unknown
[2025-06-20T00:03:44.466Z] Content preview: {"meta":{"step_name":"Identify Potential Symptoms","request_id":"123e4567-e89b-12d3-a456-426614174000","timestamp_utc":"2023-10-01T12:00:00Z","version":"1.0","user_language":"PT_BR","status":"success"...
[2025-06-20T00:03:44.468Z] === FINAL OUTPUT ===
[2025-06-20T00:03:44.470Z] Final output type: object
[2025-06-20T00:03:44.471Z] Final output keys: meta, data, echo
[2025-06-20T00:03:44.476Z] === STREAMING SESSION ENDED ===
