[2025-06-20T01:07:43.807Z] === STREAMING SESSION STARTED ===
[2025-06-20T01:07:43.837Z] Request started with traceId: streaming-1750381663807-ou47gfx64
[2025-06-20T01:07:44.021Z] Agent execution started
[2025-06-20T01:07:44.024Z] Starting real-time streaming for step: potential-causes
[2025-06-20T01:07:46.408Z] Buffer content at chunk 200 (720 chars):
[2025-06-20T01:07:47.355Z] Buffer content at chunk 400 (1517 chars):
[2025-06-20T01:07:48.458Z] Buffer content at chunk 600 (2312 chars):
[2025-06-20T01:07:49.070Z] Final buffer content (2800 chars):
[2025-06-20T01:07:49.091Z] === AGENT RESULT ANALYSIS ===
[2025-06-20T01:07:49.093Z] Result keys: state, currentTurn, maxTurns
[2025-06-20T01:07:49.108Z] Has newItems: true
[2025-06-20T01:07:49.110Z] Has finalOutput: true
[2025-06-20T01:07:49.122Z] NewItems count: 1
[2025-06-20T01:07:49.125Z] --- NEW ITEM 0 ---
[2025-06-20T01:07:49.128Z] Type: message_output_item
[2025-06-20T01:07:49.138Z] Role: unknown
[2025-06-20T01:07:49.142Z] Content preview: {"meta":{"step_name":"potential_causes_response","request_id":"abc123","timestamp_utc":"2023-10-05T12:00:00Z","version":"1.0","user_language":"en","status":"success","message":"Potential causes for he...
[2025-06-20T01:07:49.146Z] === FINAL OUTPUT ===
[2025-06-20T01:07:49.156Z] Final output type: object
[2025-06-20T01:07:49.175Z] Final output keys: meta, data, echo
[2025-06-20T01:07:49.224Z] === STREAMING SESSION ENDED ===
