[2025-06-19T01:16:54.162Z] === STREAMING SESSION STARTED ===
[2025-06-19T01:16:54.173Z] Request started with traceId: streaming-1750295814161-02hz23ow7
[2025-06-19T01:16:54.578Z] Agent execution started
[2025-06-19T01:16:54.596Z] Starting real-time streaming for step: suggested-oils
[2025-06-19T01:16:56.676Z] Buffer content at chunk 200 (729 chars):
[2025-06-19T01:16:57.461Z] Buffer content at chunk 400 (1461 chars):
[2025-06-19T01:16:58.394Z] Buffer content at chunk 600 (2205 chars):
[2025-06-19T01:16:58.954Z] Final buffer content (2660 chars):
[2025-06-19T01:16:58.959Z] === AGENT RESULT ANALYSIS ===
[2025-06-19T01:16:58.961Z] Result keys: state, currentTurn, maxTurns
[2025-06-19T01:16:58.962Z] Has newItems: true
[2025-06-19T01:16:58.969Z] Has finalOutput: true
[2025-06-19T01:16:58.971Z] NewItems count: 1
[2025-06-19T01:16:58.974Z] --- NEW ITEM 0 ---
[2025-06-19T01:16:58.976Z] Type: message_output_item
[2025-06-19T01:16:58.979Z] Role: unknown
[2025-06-19T01:16:58.980Z] Content preview: {"meta":{"step_name":"Consolidation of Essential Oils for Anti-Inflammatory Property","request_id":"abc1234d-5678-90ef-1234-56789abcdef0","timestamp_utc":"2023-10-04T15:20:00Z","version":"1.0","user_l...
[2025-06-19T01:16:58.988Z] === FINAL OUTPUT ===
[2025-06-19T01:16:58.990Z] Final output type: object
[2025-06-19T01:16:58.991Z] Final output keys: meta, data, echo
[2025-06-19T01:16:59.007Z] === STREAMING SESSION ENDED ===
