[2025-06-19T06:38:56.278Z] === STREAMING SESSION STARTED ===
[2025-06-19T06:38:56.302Z] Request started with traceId: streaming-1750315136278-u5b6pcp3x
[2025-06-19T06:38:56.468Z] Agent execution started
[2025-06-19T06:38:56.469Z] Starting real-time streaming for step: potential-causes
[2025-06-19T06:38:59.516Z] Buffer content at chunk 200 (702 chars):
[2025-06-19T06:39:00.079Z] Buffer content at chunk 400 (1556 chars):
[2025-06-19T06:39:00.818Z] Buffer content at chunk 600 (2303 chars):
[2025-06-19T06:39:01.943Z] Final buffer content (3000 chars):
[2025-06-19T06:39:01.949Z] === AGENT RESULT ANALYSIS ===
[2025-06-19T06:39:01.968Z] Result keys: state, currentTurn, maxTurns
[2025-06-19T06:39:01.969Z] Has newItems: true
[2025-06-19T06:39:01.979Z] Has finalOutput: true
[2025-06-19T06:39:01.980Z] NewItems count: 1
[2025-06-19T06:39:01.981Z] --- NEW ITEM 0 ---
[2025-06-19T06:39:01.982Z] Type: message_output_item
[2025-06-19T06:39:01.983Z] Role: unknown
[2025-06-19T06:39:01.984Z] Content preview: {"meta":{"step_name":"potential_causes_analysis","request_id":"abc123-xyz789","timestamp_utc":"2023-10-01T12:00:00Z","version":"1.0","user_language":"en","status":"success","message":"Generated potent...
[2025-06-19T06:39:01.987Z] === FINAL OUTPUT ===
[2025-06-19T06:39:01.995Z] Final output type: object
[2025-06-19T06:39:01.996Z] Final output keys: meta, data, echo
[2025-06-19T06:39:01.999Z] === STREAMING SESSION ENDED ===
