[2025-06-15T03:06:49.234Z] === STREAMING SESSION STARTED ===
[2025-06-15T03:06:49.266Z] Request started with traceId: streaming-1749956809233-55q8u9du6
[2025-06-15T03:06:49.337Z] Agent execution started
[2025-06-15T03:06:49.339Z] Starting real-time streaming for step: potential-symptoms
[2025-06-15T03:06:50.866Z] Buffer content at chunk 200 (720 chars):
[2025-06-15T03:06:51.620Z] Buffer content at chunk 400 (1554 chars):
[2025-06-15T03:06:52.321Z] Buffer content at chunk 600 (2380 chars):
[2025-06-15T03:06:53.229Z] Buffer content at chunk 800 (3221 chars):
[2025-06-15T03:06:53.464Z] Final buffer content (3424 chars):
[2025-06-15T03:06:53.467Z] === AGENT RESULT ANALYSIS ===
[2025-06-15T03:06:53.469Z] Result keys: state, currentTurn, maxTurns
[2025-06-15T03:06:53.470Z] Has newItems: true
[2025-06-15T03:06:53.472Z] Has finalOutput: true
[2025-06-15T03:06:53.478Z] NewItems count: 1
[2025-06-15T03:06:53.480Z] --- NEW ITEM 0 ---
[2025-06-15T03:06:53.482Z] Type: message_output_item
[2025-06-15T03:06:53.483Z] Role: unknown
[2025-06-15T03:06:53.484Z] Content preview: {
  "meta": {
    "step_name": "Identify Potential Symptoms",
    "request_id": "abc123xyz",
    "timestamp_utc": "2023-10-04T12:00:00Z",
    "version": "1.0",
    "user_language": "PT_BR",
    "statu...
[2025-06-15T03:06:53.488Z] === FINAL OUTPUT ===
[2025-06-15T03:06:53.496Z] Final output type: object
[2025-06-15T03:06:53.497Z] Final output keys: meta, data, echo
[2025-06-15T03:06:53.501Z] === STREAMING SESSION ENDED ===
