[2025-06-19T23:57:56.413Z] === STREAMING SESSION STARTED ===
[2025-06-19T23:57:56.423Z] Request started with traceId: streaming-1750377476413-a7gasb399
[2025-06-19T23:57:56.455Z] Agent execution started
[2025-06-19T23:57:56.456Z] Starting real-time streaming for step: potential-symptoms
[2025-06-19T23:57:58.574Z] Buffer content at chunk 200 (601 chars):
[2025-06-19T23:57:59.430Z] Buffer content at chunk 400 (1296 chars):
[2025-06-19T23:58:00.378Z] Buffer content at chunk 600 (1925 chars):
[2025-06-19T23:58:01.378Z] Buffer content at chunk 800 (2574 chars):
[2025-06-19T23:58:01.520Z] Final buffer content (2627 chars):
[2025-06-19T23:58:01.523Z] === AGENT RESULT ANALYSIS ===
[2025-06-19T23:58:01.524Z] Result keys: state, currentTurn, maxTurns
[2025-06-19T23:58:01.525Z] Has newItems: true
[2025-06-19T23:58:01.526Z] Has finalOutput: true
[2025-06-19T23:58:01.527Z] NewItems count: 1
[2025-06-19T23:58:01.528Z] --- NEW ITEM 0 ---
[2025-06-19T23:58:01.529Z] Type: message_output_item
[2025-06-19T23:58:01.530Z] Role: unknown
[2025-06-19T23:58:01.533Z] Content preview: {"meta":{"step_name":"Identify Potential Symptoms","request_id":"12345678-1234-5678-1234-567812345678","timestamp_utc":"2023-10-01T12:00:00Z","version":"1.0","user_language":"PT_BR","status":"success"...
[2025-06-19T23:58:01.535Z] === FINAL OUTPUT ===
[2025-06-19T23:58:01.536Z] Final output type: object
[2025-06-19T23:58:01.537Z] Final output keys: meta, data, echo
[2025-06-19T23:58:01.541Z] === STREAMING SESSION ENDED ===
