[2025-06-20T00:26:08.389Z] === STREAMING SESSION STARTED ===
[2025-06-20T00:26:08.391Z] Request started with traceId: streaming-1750379168389-ro5hmlm2b
[2025-06-20T00:26:08.422Z] Agent execution started
[2025-06-20T00:26:08.424Z] Starting real-time streaming for step: therapeutic-properties
[2025-06-20T00:26:10.378Z] Buffer content at chunk 200 (728 chars):
[2025-06-20T00:26:11.338Z] Buffer content at chunk 400 (1326 chars):
[2025-06-20T00:26:12.486Z] Buffer content at chunk 600 (1893 chars):
[2025-06-20T00:26:13.323Z] Buffer content at chunk 800 (2523 chars):
[2025-06-20T00:26:14.495Z] Buffer content at chunk 1000 (3231 chars):
[2025-06-20T00:26:15.445Z] Final buffer content (3654 chars):
[2025-06-20T00:26:15.450Z] === AGENT RESULT ANALYSIS ===
[2025-06-20T00:26:15.451Z] Result keys: state, currentTurn, maxTurns
[2025-06-20T00:26:15.453Z] Has newItems: true
[2025-06-20T00:26:15.454Z] Has finalOutput: true
[2025-06-20T00:26:15.454Z] NewItems count: 1
[2025-06-20T00:26:15.455Z] --- NEW ITEM 0 ---
[2025-06-20T00:26:15.456Z] Type: message_output_item
[2025-06-20T00:26:15.457Z] Role: unknown
[2025-06-20T00:26:15.458Z] Content preview: {"meta":{"step_name":"identify_therapeutic_properties","request_id":"abc123456789","timestamp_utc":"2023-10-01T12:00:00Z","version":"1.0","user_language":"PT_BR","status":"success","message":"Propried...
[2025-06-20T00:26:15.461Z] === FINAL OUTPUT ===
[2025-06-20T00:26:15.462Z] Final output type: object
[2025-06-20T00:26:15.463Z] Final output keys: meta, data, echo
[2025-06-20T00:26:15.468Z] === STREAMING SESSION ENDED ===
