[2025-06-19T06:50:34.883Z] === STREAMING SESSION STARTED ===
[2025-06-19T06:50:34.892Z] Request started with traceId: streaming-1750315834883-2cd7knte2
[2025-06-19T06:50:34.948Z] Agent execution started
[2025-06-19T06:50:34.950Z] Starting real-time streaming for step: potential-causes
[2025-06-19T06:50:37.478Z] Buffer content at chunk 200 (706 chars):
[2025-06-19T06:50:40.847Z] Buffer content at chunk 400 (1522 chars):
[2025-06-19T06:50:41.178Z] Buffer content at chunk 600 (2314 chars):
[2025-06-19T06:50:41.258Z] Final buffer content (2565 chars):
[2025-06-19T06:50:41.264Z] === AGENT RESULT ANALYSIS ===
[2025-06-19T06:50:41.265Z] Result keys: state, currentTurn, maxTurns
[2025-06-19T06:50:41.267Z] Has newItems: true
[2025-06-19T06:50:41.274Z] Has finalOutput: true
[2025-06-19T06:50:41.277Z] NewItems count: 1
[2025-06-19T06:50:41.278Z] --- NEW ITEM 0 ---
[2025-06-19T06:50:41.280Z] Type: message_output_item
[2025-06-19T06:50:41.281Z] Role: unknown
[2025-06-19T06:50:41.282Z] Content preview: {"meta":{"step_name":"potential_causes_response","request_id":"123456789","timestamp_utc":"2023-10-02T12:00:00Z","version":"1.0","user_language":"en","status":"success","message":"Potential causes lis...
[2025-06-19T06:50:41.284Z] === FINAL OUTPUT ===
[2025-06-19T06:50:41.287Z] Final output type: object
[2025-06-19T06:50:41.293Z] Final output keys: meta, data, echo
[2025-06-19T06:50:41.297Z] === STREAMING SESSION ENDED ===
