[2025-06-20T00:03:30.129Z] === STREAMING SESSION STARTED ===
[2025-06-20T00:03:30.132Z] Request started with traceId: streaming-1750377810129-4f6w3lrex
[2025-06-20T00:03:30.165Z] Agent execution started
[2025-06-20T00:03:30.166Z] Starting real-time streaming for step: potential-causes
[2025-06-20T00:03:32.221Z] Buffer content at chunk 200 (711 chars):
[2025-06-20T00:03:33.134Z] Buffer content at chunk 400 (1504 chars):
[2025-06-20T00:03:33.958Z] Buffer content at chunk 600 (2317 chars):
[2025-06-20T00:03:34.931Z] Final buffer content (3135 chars):
[2025-06-20T00:03:34.935Z] === AGENT RESULT ANALYSIS ===
[2025-06-20T00:03:34.937Z] Result keys: state, currentTurn, maxTurns
[2025-06-20T00:03:34.939Z] Has newItems: true
[2025-06-20T00:03:34.940Z] Has finalOutput: true
[2025-06-20T00:03:34.941Z] NewItems count: 1
[2025-06-20T00:03:34.942Z] --- NEW ITEM 0 ---
[2025-06-20T00:03:34.943Z] Type: message_output_item
[2025-06-20T00:03:34.944Z] Role: unknown
[2025-06-20T00:03:34.945Z] Content preview: {"meta":{"step_name":"generate_potential_causes","request_id":"12345678-1234-5678-1234-567812345678","timestamp_utc":"2023-10-04T12:00:00Z","version":"1.0","user_language":"en","status":"success","mes...
[2025-06-20T00:03:34.947Z] === FINAL OUTPUT ===
[2025-06-20T00:03:34.948Z] Final output type: object
[2025-06-20T00:03:34.949Z] Final output keys: meta, data, echo
[2025-06-20T00:03:34.954Z] === STREAMING SESSION ENDED ===
