[2025-06-20T00:07:09.140Z] === STREAMING SESSION STARTED ===
[2025-06-20T00:07:09.179Z] Request started with traceId: streaming-1750378029140-m59jwr9b6
[2025-06-20T00:07:09.217Z] Agent execution started
[2025-06-20T00:07:09.221Z] Starting real-time streaming for step: potential-symptoms
[2025-06-20T00:07:10.917Z] Buffer content at chunk 200 (617 chars):
[2025-06-20T00:07:11.857Z] Buffer content at chunk 400 (1302 chars):
[2025-06-20T00:07:12.877Z] Buffer content at chunk 600 (1947 chars):
[2025-06-20T00:07:13.566Z] Final buffer content (2218 chars):
[2025-06-20T00:07:13.578Z] === AGENT RESULT ANALYSIS ===
[2025-06-20T00:07:13.580Z] Result keys: state, currentTurn, maxTurns
[2025-06-20T00:07:13.585Z] Has newItems: true
[2025-06-20T00:07:13.590Z] Has finalOutput: true
[2025-06-20T00:07:13.592Z] NewItems count: 1
[2025-06-20T00:07:13.594Z] --- NEW ITEM 0 ---
[2025-06-20T00:07:13.596Z] Type: message_output_item
[2025-06-20T00:07:13.597Z] Role: unknown
[2025-06-20T00:07:13.605Z] Content preview: {"meta":{"step_name":"identify_potential_symptoms","request_id":"a4f7b2d5-e9f3-4f0a-8d3b-9e4f1a2b3c4d","timestamp_utc":"2023-10-01T12:00:00Z","version":"1.0","user_language":"PT_BR","status":"success"...
[2025-06-20T00:07:13.607Z] === FINAL OUTPUT ===
[2025-06-20T00:07:13.609Z] Final output type: object
[2025-06-20T00:07:13.611Z] Final output keys: meta, data, echo
[2025-06-20T00:07:13.728Z] === STREAMING SESSION ENDED ===
