[2025-06-15T02:58:10.631Z] === STREAMING SESSION STARTED ===
[2025-06-15T02:58:10.647Z] Request started with traceId: streaming-1749956290631-eoxg8y4fq
[2025-06-15T02:58:10.751Z] Agent execution started
[2025-06-15T02:58:10.781Z] Starting real-time streaming for step: potential-causes
[2025-06-15T02:58:12.667Z] Buffer content at chunk 200 (793 chars):
[2025-06-15T02:58:13.912Z] Buffer content at chunk 400 (1746 chars):
[2025-06-15T02:58:15.363Z] Buffer content at chunk 600 (2670 chars):
[2025-06-15T02:58:15.806Z] Final buffer content (2959 chars):
[2025-06-15T02:58:15.812Z] === AGENT RESULT ANALYSIS ===
[2025-06-15T02:58:15.813Z] Result keys: state, currentTurn, maxTurns
[2025-06-15T02:58:15.883Z] Has newItems: true
[2025-06-15T02:58:15.890Z] Has finalOutput: true
[2025-06-15T02:58:15.917Z] NewItems count: 1
[2025-06-15T02:58:15.928Z] --- NEW ITEM 0 ---
[2025-06-15T02:58:15.932Z] Type: message_output_item
[2025-06-15T02:58:15.934Z] Role: unknown
[2025-06-15T02:58:15.935Z] Content preview: {
  "meta": {
    "step_name": "generate_potential_causes",
    "request_id": "abc123",
    "timestamp_utc": "2023-10-05T12:00:00Z",
    "version": "1.0",
    "user_language": "en",
    "status": "suc...
[2025-06-15T02:58:15.948Z] === FINAL OUTPUT ===
[2025-06-15T02:58:15.961Z] Final output type: object
[2025-06-15T02:58:15.964Z] Final output keys: meta, data, echo
[2025-06-15T02:58:16.049Z] === STREAMING SESSION ENDED ===
