[2025-06-15T02:48:47.597Z] === STREAMING SESSION STARTED ===
[2025-06-15T02:48:47.610Z] Request started with traceId: streaming-1749955727595-mb0zdm61x
[2025-06-15T02:48:47.796Z] Agent execution started
[2025-06-15T02:48:47.797Z] Starting real-time streaming for step: potential-causes
[2025-06-15T02:48:49.943Z] Buffer content at chunk 200 (830 chars):
[2025-06-15T02:48:50.543Z] Buffer content at chunk 400 (1862 chars):
[2025-06-15T02:48:51.235Z] Buffer content at chunk 600 (2850 chars):
[2025-06-15T02:48:52.088Z] Final buffer content (3047 chars):
[2025-06-15T02:48:52.092Z] === AGENT RESULT ANALYSIS ===
[2025-06-15T02:48:52.094Z] Result keys: state, currentTurn, maxTurns
[2025-06-15T02:48:52.096Z] Has newItems: true
[2025-06-15T02:48:52.097Z] Has finalOutput: true
[2025-06-15T02:48:52.098Z] NewItems count: 1
[2025-06-15T02:48:52.099Z] --- NEW ITEM 0 ---
[2025-06-15T02:48:52.100Z] Type: message_output_item
[2025-06-15T02:48:52.101Z] Role: unknown
[2025-06-15T02:48:52.102Z] Content preview: {
  "meta": {
    "step_name": "Potential Causes Analysis",
    "request_id": "123456789",
    "timestamp_utc": "2023-10-01T12:00:00Z",
    "version": "1.0",
    "user_language": "en",
    "status": "...
[2025-06-15T02:48:52.108Z] === FINAL OUTPUT ===
[2025-06-15T02:48:52.109Z] Final output type: object
[2025-06-15T02:48:52.110Z] Final output keys: meta, data, echo
[2025-06-15T02:48:52.113Z] === STREAMING SESSION ENDED ===
