[2025-06-15T08:19:09.981Z] === STREAMING SESSION STARTED ===
[2025-06-15T08:19:10.016Z] Request started with traceId: streaming-1749975549981-0jjdbfpjs
[2025-06-15T08:19:11.501Z] Agent execution started
[2025-06-15T08:19:11.530Z] Starting real-time streaming for step: suggested-oils
[2025-06-15T08:19:13.585Z] Buffer content at chunk 200 (699 chars):
[2025-06-15T08:19:14.552Z] Buffer content at chunk 400 (1492 chars):
[2025-06-15T08:19:16.809Z] Buffer content at chunk 600 (2277 chars):
[2025-06-15T08:19:17.364Z] Buffer content at chunk 800 (3035 chars):
[2025-06-15T08:19:17.461Z] Final buffer content (3060 chars):
[2025-06-15T08:19:17.479Z] === AGENT RESULT ANALYSIS ===
[2025-06-15T08:19:17.486Z] Result keys: state, currentTurn, maxTurns
[2025-06-15T08:19:17.501Z] Has newItems: true
[2025-06-15T08:19:17.514Z] Has finalOutput: true
[2025-06-15T08:19:17.517Z] NewItems count: 1
[2025-06-15T08:19:17.519Z] --- NEW ITEM 0 ---
[2025-06-15T08:19:17.529Z] Type: message_output_item
[2025-06-15T08:19:17.535Z] Role: unknown
[2025-06-15T08:19:17.549Z] Content preview: {"meta":{"step_name":"Start","request_id":"12345678-90ab-cdef-1234-567890abcdef","timestamp_utc":"2023-10-04T12:00:00Z","version":"1.0","user_language":"PT_BR","status":"success","message":"Consulta b...
[2025-06-15T08:19:17.567Z] === FINAL OUTPUT ===
[2025-06-15T08:19:17.568Z] Final output type: object
[2025-06-15T08:19:17.573Z] Final output keys: meta, data, echo
[2025-06-15T08:19:17.617Z] === STREAMING SESSION ENDED ===
