[2025-06-15T01:53:57.317Z] === STREAMING SESSION STARTED ===
[2025-06-15T01:53:57.328Z] Request started with traceId: streaming-1749952437317-p8uo4m19a
[2025-06-15T01:53:57.667Z] Agent execution started
[2025-06-15T01:53:57.669Z] Starting real-time streaming for step: potential-causes
[2025-06-15T01:53:59.181Z] Buffer content at chunk 200 (977 chars):
[2025-06-15T01:54:00.269Z] Buffer content at chunk 400 (2006 chars):
[2025-06-15T01:54:01.381Z] Final buffer content (2505 chars):
[2025-06-15T01:54:01.384Z] === AGENT RESULT ANALYSIS ===
[2025-06-15T01:54:01.386Z] Result keys: state, currentTurn, maxTurns
[2025-06-15T01:54:01.397Z] Has newItems: true
[2025-06-15T01:54:01.402Z] Has finalOutput: true
[2025-06-15T01:54:01.415Z] NewItems count: 1
[2025-06-15T01:54:01.417Z] --- NEW ITEM 0 ---
[2025-06-15T01:54:01.418Z] Type: message_output_item
[2025-06-15T01:54:01.419Z] Role: unknown
[2025-06-15T01:54:01.421Z] Content preview: {"meta":{"step_name":"Potential Causes Identification","request_id":"abc123","timestamp_utc":"2023-10-02T12:00:00Z","version":"1.0","user_language":"en","status":"success","message":"Generated a list ...
[2025-06-15T01:54:01.432Z] === FINAL OUTPUT ===
[2025-06-15T01:54:01.435Z] Final output type: object
[2025-06-15T01:54:01.450Z] Final output keys: meta, data, echo
[2025-06-15T01:54:01.467Z] === STREAMING SESSION ENDED ===
