[2025-06-15T03:07:36.326Z] === STREAMING SESSION STARTED ===
[2025-06-15T03:07:36.496Z] Request started with traceId: streaming-1749956856326-8lbp715ji
[2025-06-15T03:07:37.011Z] Agent execution started
[2025-06-15T03:07:37.028Z] Starting real-time streaming for step: potential-causes
[2025-06-15T03:07:39.466Z] Buffer content at chunk 200 (940 chars):
[2025-06-15T03:07:40.349Z] Buffer content at chunk 400 (1981 chars):
[2025-06-15T03:07:42.081Z] Final buffer content (2477 chars):
[2025-06-15T03:07:42.113Z] === AGENT RESULT ANALYSIS ===
[2025-06-15T03:07:42.115Z] Result keys: state, currentTurn, maxTurns
[2025-06-15T03:07:42.117Z] Has newItems: true
[2025-06-15T03:07:42.134Z] Has finalOutput: true
[2025-06-15T03:07:42.147Z] NewItems count: 1
[2025-06-15T03:07:42.148Z] --- NEW ITEM 0 ---
[2025-06-15T03:07:42.168Z] Type: message_output_item
[2025-06-15T03:07:42.197Z] Role: unknown
[2025-06-15T03:07:42.261Z] Content preview: {"meta":{"step_name":"Potential Causes for Dermatitis Atopica","request_id":"123456789","timestamp_utc":"2023-10-01T12:00:00Z","version":"1.0","user_language":"en","status":"success","message":"Genera...
[2025-06-15T03:07:42.265Z] === FINAL OUTPUT ===
[2025-06-15T03:07:42.266Z] Final output type: object
[2025-06-15T03:07:42.283Z] Final output keys: meta, data, echo
[2025-06-15T03:07:42.300Z] === STREAMING SESSION ENDED ===
