[2025-06-20T00:11:23.866Z] === STREAMING SESSION STARTED ===
[2025-06-20T00:11:23.872Z] Request started with traceId: streaming-1750378283866-qy50rouw3
[2025-06-20T00:11:23.895Z] Agent execution started
[2025-06-20T00:11:23.896Z] Starting real-time streaming for step: potential-symptoms
[2025-06-20T00:11:25.638Z] Buffer content at chunk 200 (665 chars):
[2025-06-20T00:11:26.439Z] Buffer content at chunk 400 (1354 chars):
[2025-06-20T00:11:27.339Z] Buffer content at chunk 600 (2090 chars):
[2025-06-20T00:11:27.769Z] Final buffer content (2339 chars):
[2025-06-20T00:11:27.773Z] === AGENT RESULT ANALYSIS ===
[2025-06-20T00:11:27.774Z] Result keys: state, currentTurn, maxTurns
[2025-06-20T00:11:27.776Z] Has newItems: true
[2025-06-20T00:11:27.777Z] Has finalOutput: true
[2025-06-20T00:11:27.778Z] NewItems count: 1
[2025-06-20T00:11:27.779Z] --- NEW ITEM 0 ---
[2025-06-20T00:11:27.782Z] Type: message_output_item
[2025-06-20T00:11:27.783Z] Role: unknown
[2025-06-20T00:11:27.784Z] Content preview: {"meta":{"step_name":"Identify Potential Symptoms","request_id":"req-123456","timestamp_utc":"2023-10-05T15:20:00Z","version":"1.0","user_language":"PT_BR","status":"success","message":"Lista de sinto...
[2025-06-20T00:11:27.787Z] === FINAL OUTPUT ===
[2025-06-20T00:11:27.788Z] Final output type: object
[2025-06-20T00:11:27.789Z] Final output keys: meta, data, echo
[2025-06-20T00:11:27.793Z] === STREAMING SESSION ENDED ===
