[2025-06-19T06:47:50.625Z] === STREAMING SESSION STARTED ===
[2025-06-19T06:47:50.643Z] Request started with traceId: streaming-1750315670625-2l6bw6f6h
[2025-06-19T06:47:50.781Z] Agent execution started
[2025-06-19T06:47:50.788Z] Starting real-time streaming for step: potential-causes
[2025-06-19T06:47:53.033Z] Buffer content at chunk 200 (668 chars):
[2025-06-19T06:47:53.879Z] Buffer content at chunk 400 (1498 chars):
[2025-06-19T06:47:54.810Z] Buffer content at chunk 600 (2193 chars):
[2025-06-19T06:47:55.774Z] Final buffer content (2914 chars):
[2025-06-19T06:47:55.792Z] === AGENT RESULT ANALYSIS ===
[2025-06-19T06:47:55.796Z] Result keys: state, currentTurn, maxTurns
[2025-06-19T06:47:55.807Z] Has newItems: true
[2025-06-19T06:47:55.810Z] Has finalOutput: true
[2025-06-19T06:47:55.814Z] NewItems count: 1
[2025-06-19T06:47:55.816Z] --- NEW ITEM 0 ---
[2025-06-19T06:47:55.827Z] Type: message_output_item
[2025-06-19T06:47:55.830Z] Role: unknown
[2025-06-19T06:47:55.831Z] Content preview: {"meta":{"step_name":"Potential Causes Analysis","request_id":"123e4567-e89b-12d3-a456-426614174000","timestamp_utc":"2023-10-05T12:00:00Z","version":"1.0","user_language":"en","status":"success","mes...
[2025-06-19T06:47:55.835Z] === FINAL OUTPUT ===
[2025-06-19T06:47:55.842Z] Final output type: object
[2025-06-19T06:47:55.845Z] Final output keys: meta, data, echo
[2025-06-19T06:47:55.859Z] === STREAMING SESSION ENDED ===
