[2025-06-19T06:44:59.363Z] === STREAMING SESSION STARTED ===
[2025-06-19T06:44:59.380Z] Request started with traceId: streaming-1750315499363-nf0iswajq
[2025-06-19T06:44:59.430Z] Agent execution started
[2025-06-19T06:44:59.432Z] Starting real-time streaming for step: potential-causes
[2025-06-19T06:45:01.505Z] Buffer content at chunk 200 (658 chars):
[2025-06-19T06:45:02.579Z] Buffer content at chunk 400 (1427 chars):
[2025-06-19T06:45:03.628Z] Buffer content at chunk 600 (2266 chars):
[2025-06-19T06:45:04.574Z] Final buffer content (2934 chars):
[2025-06-19T06:45:04.595Z] === AGENT RESULT ANALYSIS ===
[2025-06-19T06:45:04.598Z] Result keys: state, currentTurn, maxTurns
[2025-06-19T06:45:04.609Z] Has newItems: true
[2025-06-19T06:45:04.612Z] Has finalOutput: true
[2025-06-19T06:45:04.614Z] NewItems count: 1
[2025-06-19T06:45:04.625Z] --- NEW ITEM 0 ---
[2025-06-19T06:45:04.626Z] Type: message_output_item
[2025-06-19T06:45:04.628Z] Role: unknown
[2025-06-19T06:45:04.630Z] Content preview: {
  "meta": {
    "step_name": "Potential Causes Analysis",
    "request_id": "123e4567-e89b-12d3-a456-426614174000",
    "timestamp_utc": "2023-10-01T12:00:00Z",
    "version": "1.0",
    "user_langu...
[2025-06-19T06:45:04.644Z] === FINAL OUTPUT ===
[2025-06-19T06:45:04.646Z] Final output type: object
[2025-06-19T06:45:04.647Z] Final output keys: meta, data, echo
[2025-06-19T06:45:04.680Z] === STREAMING SESSION ENDED ===
