[2025-06-15T01:55:48.993Z] === STREAMING SESSION STARTED ===
[2025-06-15T01:55:48.996Z] Request started with traceId: streaming-1749952548993-19mzkoo14
[2025-06-15T01:55:49.766Z] Agent execution started
[2025-06-15T01:55:49.776Z] Starting real-time streaming for step: potential-symptoms
[2025-06-15T01:55:52.211Z] Buffer content at chunk 200 (789 chars):
[2025-06-15T01:55:53.102Z] Buffer content at chunk 400 (1657 chars):
[2025-06-15T01:55:53.994Z] Buffer content at chunk 600 (2455 chars):
[2025-06-15T01:55:55.278Z] Final buffer content (3248 chars):
[2025-06-15T01:55:55.512Z] === AGENT RESULT ANALYSIS ===
[2025-06-15T01:55:55.516Z] Result keys: state, currentTurn, maxTurns
[2025-06-15T01:55:55.583Z] Has newItems: true
[2025-06-15T01:55:55.584Z] Has finalOutput: true
[2025-06-15T01:55:55.593Z] NewItems count: 1
[2025-06-15T01:55:55.594Z] --- NEW ITEM 0 ---
[2025-06-15T01:55:55.596Z] Type: message_output_item
[2025-06-15T01:55:55.598Z] Role: unknown
[2025-06-15T01:55:55.600Z] Content preview: {"meta":{"step_name":"identify_potential_symptoms","request_id":"123456789","timestamp_utc":"2023-10-02T12:00:00Z","version":"1.0","user_language":"PT_BR","status":"success","message":"Síntomas potenc...
[2025-06-15T01:55:55.602Z] === FINAL OUTPUT ===
[2025-06-15T01:55:55.609Z] Final output type: object
[2025-06-15T01:55:55.611Z] Final output keys: meta, data, echo
[2025-06-15T01:55:55.617Z] === STREAMING SESSION ENDED ===
