[2025-06-19T06:02:55.523Z] === STREAMING SESSION STARTED ===
[2025-06-19T06:02:55.547Z] Request started with traceId: streaming-1750312975520-0lrwhjg42
[2025-06-19T06:02:56.101Z] Agent execution started
[2025-06-19T06:02:56.120Z] Starting real-time streaming for step: potential-causes
[2025-06-19T06:02:58.463Z] Buffer content at chunk 200 (643 chars):
[2025-06-19T06:02:59.449Z] Buffer content at chunk 400 (1462 chars):
[2025-06-19T06:03:00.548Z] Buffer content at chunk 600 (2176 chars):
[2025-06-19T06:03:01.585Z] Final buffer content (2848 chars):
[2025-06-19T06:03:01.615Z] === AGENT RESULT ANALYSIS ===
[2025-06-19T06:03:01.617Z] Result keys: state, currentTurn, maxTurns
[2025-06-19T06:03:01.619Z] Has newItems: true
[2025-06-19T06:03:01.631Z] Has finalOutput: true
[2025-06-19T06:03:01.633Z] NewItems count: 1
[2025-06-19T06:03:01.635Z] --- NEW ITEM 0 ---
[2025-06-19T06:03:01.647Z] Type: message_output_item
[2025-06-19T06:03:01.649Z] Role: unknown
[2025-06-19T06:03:01.650Z] Content preview: {"meta":{"step_name":"potential_causes_response","request_id":"123e4567-e89b-12d3-a456-426614174000","timestamp_utc":"2023-10-01T12:00:00Z","version":"1.0","user_language":"en","status":"success","mes...
[2025-06-19T06:03:01.653Z] === FINAL OUTPUT ===
[2025-06-19T06:03:01.665Z] Final output type: object
[2025-06-19T06:03:01.667Z] Final output keys: meta, data, echo
[2025-06-19T06:03:01.702Z] === STREAMING SESSION ENDED ===
