[2025-06-20T00:11:14.286Z] === STREAMING SESSION STARTED ===
[2025-06-20T00:11:14.289Z] Request started with traceId: streaming-1750378274286-69qsikbb8
[2025-06-20T00:11:14.311Z] Agent execution started
[2025-06-20T00:11:14.319Z] Starting real-time streaming for step: potential-causes
[2025-06-20T00:11:15.994Z] Buffer content at chunk 200 (717 chars):
[2025-06-20T00:11:16.893Z] Buffer content at chunk 400 (1454 chars):
[2025-06-20T00:11:17.929Z] Buffer content at chunk 600 (2286 chars):
[2025-06-20T00:11:18.063Z] Final buffer content (2475 chars):
[2025-06-20T00:11:18.069Z] === AGENT RESULT ANALYSIS ===
[2025-06-20T00:11:18.070Z] Result keys: state, currentTurn, maxTurns
[2025-06-20T00:11:18.072Z] Has newItems: true
[2025-06-20T00:11:18.073Z] Has finalOutput: true
[2025-06-20T00:11:18.074Z] NewItems count: 1
[2025-06-20T00:11:18.075Z] --- NEW ITEM 0 ---
[2025-06-20T00:11:18.076Z] Type: message_output_item
[2025-06-20T00:11:18.077Z] Role: unknown
[2025-06-20T00:11:18.078Z] Content preview: {"meta":{"step_name":"potential_causes_response","request_id":"req_123456789","timestamp_utc":"2023-10-04T12:00:00Z","version":"1.0","user_language":"en","status":"success","message":"Potential causes...
[2025-06-20T00:11:18.080Z] === FINAL OUTPUT ===
[2025-06-20T00:11:18.082Z] Final output type: object
[2025-06-20T00:11:18.084Z] Final output keys: meta, data, echo
[2025-06-20T00:11:18.088Z] === STREAMING SESSION ENDED ===
