[2025-06-20T01:08:20.011Z] === STREAMING SESSION STARTED ===
[2025-06-20T01:08:20.028Z] Request started with traceId: streaming-1750381700011-h8ouzqn2t
[2025-06-20T01:08:20.259Z] Agent execution started
[2025-06-20T01:08:20.261Z] Starting real-time streaming for step: therapeutic-properties
[2025-06-20T01:08:23.641Z] Buffer content at chunk 200 (641 chars):
[2025-06-20T01:08:24.193Z] Buffer content at chunk 400 (1181 chars):
[2025-06-20T01:08:24.806Z] Buffer content at chunk 600 (1775 chars):
[2025-06-20T01:08:25.327Z] Buffer content at chunk 800 (2439 chars):
[2025-06-20T01:08:25.850Z] Final buffer content (2755 chars):
[2025-06-20T01:08:25.855Z] === AGENT RESULT ANALYSIS ===
[2025-06-20T01:08:25.861Z] Result keys: state, currentTurn, maxTurns
[2025-06-20T01:08:25.871Z] Has newItems: true
[2025-06-20T01:08:25.873Z] Has finalOutput: true
[2025-06-20T01:08:25.876Z] NewItems count: 1
[2025-06-20T01:08:25.878Z] --- NEW ITEM 0 ---
[2025-06-20T01:08:25.887Z] Type: message_output_item
[2025-06-20T01:08:25.889Z] Role: unknown
[2025-06-20T01:08:25.890Z] Content preview: {"meta":{"step_name":"identify_therapeutic_properties","request_id":"a1b2c3d4-e5f6-7g8h-9i10-j11k12l13m14","timestamp_utc":"2023-10-01T12:00:00Z","version":"1.0","user_language":"PT_BR","status":"succ...
[2025-06-20T01:08:25.893Z] === FINAL OUTPUT ===
[2025-06-20T01:08:25.904Z] Final output type: object
[2025-06-20T01:08:25.906Z] Final output keys: meta, data, echo
[2025-06-20T01:08:25.923Z] === STREAMING SESSION ENDED ===
